2025-05-14 15:45:03,169 - INFO - 状态: 客户端=0 接收=0 转发=0 错误=0
2025-05-14 15:45:03,169 - INFO - Relay服务启动，监听端口 9000
2025-05-14 15:45:03,169 - INFO - 主服务器: 192.168.114.147:8080
2025-05-14 15:45:13,174 - INFO - 状态: 客户端=0 接收=0 转发=0 错误=0
2025-05-14 15:45:23,180 - INFO - 状态: 客户端=0 接收=0 转发=0 错误=0
2025-05-14 15:45:33,181 - INFO - 状态: 客户端=0 接收=0 转发=0 错误=0
2025-05-14 18:54:57,527 - INFO - 状态: 客户端=0 接收=0 转发=0 错误=0
2025-05-14 18:54:57,527 - INFO - Relay服务启动，监听端口 9000
2025-05-14 18:54:57,527 - INFO - 主服务器: 192.168.114.147:8080
2025-05-14 18:55:07,533 - INFO - 状态: 客户端=0 接收=0 转发=0 错误=0
2025-05-14 18:55:17,539 - INFO - 状态: 客户端=0 接收=0 转发=0 错误=0
2025-05-14 18:55:27,543 - INFO - 状态: 客户端=0 接收=0 转发=0 错误=0
2025-05-14 18:55:33,081 - INFO - 停止服务...
2025-05-14 18:55:33,081 - INFO - 服务已停止
2025-05-14 18:56:14,413 - INFO - 状态: 客户端=0 接收=0 转发=0 错误=0
2025-05-14 18:56:14,413 - INFO - Relay服务启动，监听端口 9000
2025-05-14 18:56:14,413 - INFO - 主服务器: 192.168.114.147:8080
2025-05-14 18:56:14,413 - INFO - 已连接主服务器 192.168.114.147:8080
2025-05-14 18:56:24,419 - INFO - 状态: 客户端=0 接收=0 转发=0 错误=0
2025-05-14 18:56:34,423 - INFO - 状态: 客户端=0 接收=0 转发=0 错误=0
2025-05-14 18:56:44,428 - INFO - 状态: 客户端=0 接收=0 转发=0 错误=0
2025-05-14 18:56:48,296 - INFO - 客户端连接: 192.168.114.138:24931 (总数: 1)
2025-05-14 18:56:54,431 - INFO - 状态: 客户端=1 接收=0 转发=0 错误=0
2025-05-14 18:57:04,433 - INFO - 状态: 客户端=1 接收=0 转发=0 错误=0
2025-05-14 18:57:14,435 - INFO - 状态: 客户端=1 接收=0 转发=0 错误=0
2025-05-14 18:57:24,438 - ERROR - 处理 192.168.114.138:24931 数据出错: [Errno 9] Bad file descriptor
2025-05-14 18:57:24,438 - INFO - 清理超时客户端: 192.168.114.138:24931
2025-05-14 18:57:24,438 - INFO - 客户端 192.168.114.138:24931 已清理 (剩余: 0)
2025-05-14 18:57:24,439 - INFO - 状态: 客户端=0 接收=0 转发=0 错误=1
2025-05-14 18:57:34,444 - INFO - 状态: 客户端=0 接收=0 转发=0 错误=1
2025-05-14 18:57:44,449 - INFO - 状态: 客户端=0 接收=0 转发=0 错误=1
2025-05-14 18:57:54,455 - INFO - 状态: 客户端=0 接收=0 转发=0 错误=1
2025-05-14 18:58:04,460 - INFO - 状态: 客户端=0 接收=0 转发=0 错误=1
2025-05-14 18:58:14,461 - INFO - 状态: 客户端=0 接收=0 转发=0 错误=1
2025-05-14 18:58:24,466 - INFO - 状态: 客户端=0 接收=0 转发=0 错误=1
2025-05-14 18:58:28,790 - INFO - 停止服务...
2025-05-14 18:58:28,790 - INFO - 服务已停止
2025-05-14 18:59:53,600 - INFO - 状态: 客户端=0 接收=0 转发=0 错误=0
2025-05-14 18:59:53,600 - INFO - Relay服务启动，监听端口 9000
2025-05-14 18:59:53,600 - INFO - 主服务器: 192.168.114.147:8080
2025-05-14 18:59:53,600 - INFO - 已连接主服务器 192.168.114.147:8080
2025-05-14 19:00:03,605 - INFO - 状态: 客户端=0 接收=0 转发=0 错误=0
2025-05-14 19:00:13,609 - INFO - 状态: 客户端=0 接收=0 转发=0 错误=0
2025-05-14 19:00:23,615 - INFO - 状态: 客户端=0 接收=0 转发=0 错误=0
2025-05-14 19:00:33,620 - INFO - 状态: 客户端=0 接收=0 转发=0 错误=0
2025-05-14 19:00:43,626 - INFO - 状态: 客户端=0 接收=0 转发=0 错误=0
2025-05-14 19:00:53,629 - INFO - 状态: 客户端=0 接收=0 转发=0 错误=0
2025-05-14 19:01:03,633 - INFO - 状态: 客户端=0 接收=0 转发=0 错误=0
2025-05-14 19:01:13,634 - INFO - 状态: 客户端=0 接收=0 转发=0 错误=0
2025-05-14 19:01:23,635 - INFO - 状态: 客户端=0 接收=0 转发=0 错误=0
2025-05-14 19:01:33,636 - INFO - 状态: 客户端=0 接收=0 转发=0 错误=0
2025-05-14 19:01:43,642 - INFO - 状态: 客户端=0 接收=0 转发=0 错误=0
2025-05-14 19:01:53,647 - INFO - 状态: 客户端=0 接收=0 转发=0 错误=0
2025-05-14 19:02:03,652 - INFO - 状态: 客户端=0 接收=0 转发=0 错误=0
2025-05-14 19:02:13,654 - INFO - 状态: 客户端=0 接收=0 转发=0 错误=0
2025-05-14 19:02:23,657 - INFO - 状态: 客户端=0 接收=0 转发=0 错误=0
2025-05-14 19:02:33,659 - INFO - 状态: 客户端=0 接收=0 转发=0 错误=0
2025-05-14 19:02:43,660 - INFO - 状态: 客户端=0 接收=0 转发=0 错误=0
2025-05-14 19:02:53,665 - INFO - 状态: 客户端=0 接收=0 转发=0 错误=0
2025-05-14 19:03:03,665 - INFO - 状态: 客户端=0 接收=0 转发=0 错误=0
2025-05-14 19:03:13,671 - INFO - 状态: 客户端=0 接收=0 转发=0 错误=0
2025-05-14 19:03:23,676 - INFO - 状态: 客户端=0 接收=0 转发=0 错误=0
2025-05-14 19:03:33,682 - INFO - 状态: 客户端=0 接收=0 转发=0 错误=0
2025-05-14 19:03:43,683 - INFO - 状态: 客户端=0 接收=0 转发=0 错误=0
2025-05-14 19:03:53,685 - INFO - 状态: 客户端=0 接收=0 转发=0 错误=0
2025-05-14 19:04:03,685 - INFO - 状态: 客户端=0 接收=0 转发=0 错误=0
2025-05-14 19:04:13,687 - INFO - 状态: 客户端=0 接收=0 转发=0 错误=0
2025-05-14 19:04:23,687 - INFO - 状态: 客户端=0 接收=0 转发=0 错误=0
2025-05-14 19:04:33,686 - INFO - 状态: 客户端=0 接收=0 转发=0 错误=0
2025-05-14 19:04:43,690 - INFO - 状态: 客户端=0 接收=0 转发=0 错误=0
2025-05-14 19:04:53,691 - INFO - 状态: 客户端=0 接收=0 转发=0 错误=0
2025-05-14 19:05:03,696 - INFO - 状态: 客户端=0 接收=0 转发=0 错误=0
2025-05-14 19:05:13,701 - INFO - 状态: 客户端=0 接收=0 转发=0 错误=0
2025-05-14 19:05:23,705 - INFO - 状态: 客户端=0 接收=0 转发=0 错误=0
2025-05-14 19:05:33,705 - INFO - 状态: 客户端=0 接收=0 转发=0 错误=0
2025-05-14 19:05:43,706 - INFO - 状态: 客户端=0 接收=0 转发=0 错误=0
2025-05-14 19:05:53,712 - INFO - 状态: 客户端=0 接收=0 转发=0 错误=0
2025-05-14 19:06:03,717 - INFO - 状态: 客户端=0 接收=0 转发=0 错误=0
2025-05-14 19:06:13,722 - INFO - 状态: 客户端=0 接收=0 转发=0 错误=0
2025-05-14 19:06:23,725 - INFO - 状态: 客户端=0 接收=0 转发=0 错误=0
2025-05-14 19:06:33,725 - INFO - 状态: 客户端=0 接收=0 转发=0 错误=0
2025-05-14 19:06:43,728 - INFO - 状态: 客户端=0 接收=0 转发=0 错误=0
2025-05-14 19:06:53,729 - INFO - 状态: 客户端=0 接收=0 转发=0 错误=0
2025-05-14 19:07:03,733 - INFO - 状态: 客户端=0 接收=0 转发=0 错误=0
2025-05-14 19:07:13,736 - INFO - 状态: 客户端=0 接收=0 转发=0 错误=0
2025-05-14 19:07:23,739 - INFO - 状态: 客户端=0 接收=0 转发=0 错误=0
2025-05-14 19:07:33,744 - INFO - 状态: 客户端=0 接收=0 转发=0 错误=0
2025-05-14 19:07:43,750 - INFO - 状态: 客户端=0 接收=0 转发=0 错误=0
2025-05-14 19:07:53,750 - INFO - 状态: 客户端=0 接收=0 转发=0 错误=0
2025-05-14 19:08:03,752 - INFO - 状态: 客户端=0 接收=0 转发=0 错误=0
2025-05-14 19:08:13,757 - INFO - 状态: 客户端=0 接收=0 转发=0 错误=0
2025-05-14 19:08:23,758 - INFO - 状态: 客户端=0 接收=0 转发=0 错误=0
2025-05-14 19:08:23,943 - INFO - 停止服务...
2025-05-14 19:08:23,943 - INFO - 服务已停止
